kotlin version: 2.0.21
error message: java.lang.IllegalArgumentException: SyncWorker is not a sub type of the class/interface that contains `<init>` (SyncWorker)
	at com.google.devtools.ksp.processing.impl.ResolverImpl.computeAsMemberOf(ResolverImpl.kt:1085)
	at com.google.devtools.ksp.processing.impl.ResolverImpl.asMemberOf$compiler_plugin(ResolverImpl.kt:1067)
	at com.google.devtools.ksp.symbol.impl.kotlin.KSFunctionDeclarationImpl.asMemberOf(KSFunctionDeclarationImpl.kt:122)
	at dagger.spi.shaded.androidx.room.compiler.processing.ksp.KSAsMemberOfKt.typeAsMemberOf(KSAsMemberOf.kt:67)
	at dagger.spi.shaded.androidx.room.compiler.processing.ksp.KspExecutableParameterElement.createAsMemberOf(KspExecutableParameterElement.kt:78)
	at dagger.spi.shaded.androidx.room.compiler.processing.ksp.KspExecutableParameterElement.access$createAsMemberOf(KspExecutableParameterElement.kt:30)
	at dagger.spi.shaded.androidx.room.compiler.processing.ksp.KspExecutableParameterElement$type$2.invoke(KspExecutableParameterElement.kt:56)
	at dagger.spi.shaded.androidx.room.compiler.processing.ksp.KspExecutableParameterElement$type$2.invoke(KspExecutableParameterElement.kt:55)
	at kotlin.SynchronizedLazyImpl.getValue(LazyJVM.kt:74)
	at dagger.spi.shaded.androidx.room.compiler.processing.ksp.KspExecutableParameterElement.getType(KspExecutableParameterElement.kt:55)
	at dagger.spi.shaded.androidx.room.compiler.processing.ksp.KspExecutableParameterElement.getType(KspExecutableParameterElement.kt:30)
	at java.base/java.util.stream.ReferencePipeline$3$1.accept(Unknown Source)
	at java.base/java.util.ArrayList$ArrayListSpliterator.forEachRemaining(Unknown Source)
	at java.base/java.util.stream.AbstractPipeline.copyInto(Unknown Source)
	at java.base/java.util.stream.AbstractPipeline.wrapAndCopyInto(Unknown Source)
	at java.base/java.util.stream.ReduceOps$ReduceOp.evaluateSequential(Unknown Source)
	at java.base/java.util.stream.AbstractPipeline.evaluate(Unknown Source)
	at java.base/java.util.stream.ReferencePipeline.collect(Unknown Source)
	at dagger.internal.codegen.xprocessing.XElements.toStableString(XElements.java:340)
	at dagger.internal.codegen.base.DaggerSuperficialValidation$ValidationException.getMessageForElement(DaggerSuperficialValidation.java:637)
	at dagger.internal.codegen.base.DaggerSuperficialValidation$ValidationException.getMessageInternal(DaggerSuperficialValidation.java:619)
	at dagger.internal.codegen.base.DaggerSuperficialValidation$ValidationException.getTrace(DaggerSuperficialValidation.java:607)
	at dagger.internal.codegen.base.DaggerSuperficialValidation$ValidationException.getMessage(DaggerSuperficialValidation.java:603)
	at java.base/java.lang.Throwable.getLocalizedMessage(Unknown Source)
	at java.base/java.lang.Throwable.toString(Unknown Source)
	at java.base/java.lang.String.valueOf(Unknown Source)
	at java.base/java.io.PrintWriter.println(Unknown Source)
	at java.base/java.lang.Throwable$WrappedPrintWriter.println(Unknown Source)
	at java.base/java.lang.Throwable.lockedPrintStackTrace(Unknown Source)
	at java.base/java.lang.Throwable.printStackTrace(Unknown Source)
	at java.base/java.lang.Throwable.printStackTrace(Unknown Source)
	at com.google.devtools.ksp.AbstractKotlinSymbolProcessingExtension.handleException$logToError(KotlinSymbolProcessingExtension.kt:418)
	at com.google.devtools.ksp.AbstractKotlinSymbolProcessingExtension.handleException(KotlinSymbolProcessingExtension.kt:458)
	at com.google.devtools.ksp.AbstractKotlinSymbolProcessingExtension.doAnalysis(KotlinSymbolProcessingExtension.kt:308)
	at org.jetbrains.kotlin.cli.jvm.compiler.TopDownAnalyzerFacadeForJVM.analyzeFilesWithJavaIntegration(TopDownAnalyzerFacadeForJVM.kt:112)
	at org.jetbrains.kotlin.cli.jvm.compiler.TopDownAnalyzerFacadeForJVM.analyzeFilesWithJavaIntegration$default(TopDownAnalyzerFacadeForJVM.kt:75)
	at org.jetbrains.kotlin.cli.jvm.compiler.KotlinToJVMBytecodeCompiler.analyze$lambda$12(KotlinToJVMBytecodeCompiler.kt:373)
	at org.jetbrains.kotlin.cli.common.messages.AnalyzerWithCompilerReport.analyzeAndReport(AnalyzerWithCompilerReport.kt:112)
	at org.jetbrains.kotlin.cli.jvm.compiler.KotlinToJVMBytecodeCompiler.analyze(KotlinToJVMBytecodeCompiler.kt:364)
	at org.jetbrains.kotlin.cli.jvm.compiler.KotlinToJVMBytecodeCompiler.runFrontendAndGenerateIrUsingClassicFrontend(KotlinToJVMBytecodeCompiler.kt:195)
	at org.jetbrains.kotlin.cli.jvm.compiler.KotlinToJVMBytecodeCompiler.compileModules$cli(KotlinToJVMBytecodeCompiler.kt:106)
	at org.jetbrains.kotlin.cli.jvm.K2JVMCompiler.doExecute(K2JVMCompiler.kt:170)
	at org.jetbrains.kotlin.cli.jvm.K2JVMCompiler.doExecute(K2JVMCompiler.kt:43)
	at org.jetbrains.kotlin.cli.common.CLICompiler.execImpl(CLICompiler.kt:103)
	at org.jetbrains.kotlin.cli.common.CLICompiler.execImpl(CLICompiler.kt:49)
	at org.jetbrains.kotlin.cli.common.CLITool.exec(CLITool.kt:101)
	at org.jetbrains.kotlin.daemon.CompileServiceImpl.compile(CompileServiceImpl.kt:1555)
	at java.base/jdk.internal.reflect.DirectMethodHandleAccessor.invoke(Unknown Source)
	at java.base/java.lang.reflect.Method.invoke(Unknown Source)
	at java.rmi/sun.rmi.server.UnicastServerRef.dispatch(Unknown Source)
	at java.rmi/sun.rmi.transport.Transport$1.run(Unknown Source)
	at java.rmi/sun.rmi.transport.Transport$1.run(Unknown Source)
	at java.base/java.security.AccessController.doPrivileged(Unknown Source)
	at java.rmi/sun.rmi.transport.Transport.serviceCall(Unknown Source)
	at java.rmi/sun.rmi.transport.tcp.TCPTransport.handleMessages(Unknown Source)
	at java.rmi/sun.rmi.transport.tcp.TCPTransport$ConnectionHandler.run0(Unknown Source)
	at java.rmi/sun.rmi.transport.tcp.TCPTransport$ConnectionHandler.lambda$run$0(Unknown Source)
	at java.base/java.security.AccessController.doPrivileged(Unknown Source)
	at java.rmi/sun.rmi.transport.tcp.TCPTransport$ConnectionHandler.run(Unknown Source)
	at java.base/java.util.concurrent.ThreadPoolExecutor.runWorker(Unknown Source)
	at java.base/java.util.concurrent.ThreadPoolExecutor$Worker.run(Unknown Source)
	at java.base/java.lang.Thread.run(Unknown Source)


